2024-11-17T12:23:57+00:00 DEBUG POST: https://ads.tiktok.com/marketing_api/api/developer/app/create_auto_approve/

{"business_platform":"PROD","smb_id":"tt4b_woocommerce_6739e05d3490chttpscentcraftlocalwp-admin","smb_name":"PROD","redirect_url":"http:\/\/scentcraft.local\/wp-admin\/"}
 ajax: no
2024-11-17T12:23:57+00:00 DEBUG Tt4b_Mapi_Class::create_open_source_app: Response: 

HTTP/1.1 200 OK
Content-Type: application/json
X-Tt-Logid: 20241117122356B152F6D1AE83D62A9AB2,20241117122356B152F6D1AE83D62A9AB2
Strict-Transport-Security: max-age=31536000; includeSubDomains
x-tt-trace-host: 01f93437710e69549c105268e8c2b5524a6e4ebc138b5bcd414c6370c8cbc32cad1da33fdb080739b061c5849a5e6313eec577fd43f94354899f4affae5b8027b134b437e668cde618f0372ae1ec8fd6368cdc7fd8358b2e157e3c8e8f528f3dbe60489468186e5e193eb37982d31a25d4
x-tt-trace-id: 00-241117122356B152F6D1AE83D62A9AB2-3A135B9932DCCA62-00
Server: TLB
Content-Encoding: gzip
Content-Length: 205
X-Origin-Response-Time: 104,23.44.214.18
X-Akamai-Request-ID: f045fff.4499dea
Date: Sun, 17 Nov 2024 12:23:57 GMT
X-Cache: TCP_MISS from a122-155-243-52.deploy.akamaitechnologies.com (AkamaiGHost/11.7.1-5d2a058efeda81c5505a169a6e16c38e) (-)
Connection: close
Vary: Accept-Encoding
X-Cache-Remote: TCP_MISS from a23-44-214-18.deploy.akamaitechnologies.com (AkamaiGHost/11.7.1-5d2a058efeda81c5505a169a6e16c38e) (-)
x-tt-trace-tag: id=16;cdn-cache=miss;type=dyn
Server-Timing: cdn-cache; desc=MISS, edge; dur=30, origin; dur=104
Server-Timing: inner; dur=100
X-Parent-Response-Time: 132,122.155.243.52

{"code":0,"msg":"ok","data":{"external_data_key":"d027fd7f-f628-4c2a-97c0-716c1b6ac71d","app_secret":"768a4f1dcd93919b53f1f28489f7c17f31750ec7","app_id":"7438222952442626064","redirect_uri":"http:\/\/scentcraft.local\/wp-admin\/"}}
